/home/marcelino.maita/musica_ia_workshop/models_comparison/baseline_clean/No_text/main.py:222: FutureWarning: DataFrameGroupBy.apply operated on the grouping columns. This behavior is deprecated, and in a future version of pandas the grouping columns will be excluded from the operation. Either pass `include_groups=False` to exclude the groupings or explicitly select the grouping columns after groupby to silence this warning.
  .apply(lambda grp: grp.sample(n=n_min, random_state=RANDOM_STATE))
/home/marcelino.maita/.venv/lib/python3.13/site-packages/sklearn/svm/_base.py:305: ConvergenceWarning: Solver terminated early (max_iter=1000).  Consider pre-processing your data with StandardScaler or MinMaxScaler.
  warnings.warn(
/home/marcelino.maita/musica_ia_workshop/models_comparison/baseline_clean/No_text/main.py:222: FutureWarning: DataFrameGroupBy.apply operated on the grouping columns. This behavior is deprecated, and in a future version of pandas the grouping columns will be excluded from the operation. Either pass `include_groups=False` to exclude the groupings or explicitly select the grouping columns after groupby to silence this warning.
  .apply(lambda grp: grp.sample(n=n_min, random_state=RANDOM_STATE))
/home/marcelino.maita/.venv/lib/python3.13/site-packages/sklearn/svm/_base.py:305: ConvergenceWarning: Solver terminated early (max_iter=1000).  Consider pre-processing your data with StandardScaler or MinMaxScaler.
  warnings.warn(
For TF-IDF embbedings you are selecteing this columns:
--> ['Artist(s)', 'song', 'emotion', 'Genre', 'Album', 'Similar Artist 1', 'Similar Song 1', 'Similar Artist 2', 'Similar Song 2', 'Similar Artist 3', 'Similar Song 3', 'song_normalized', 'artist_normalized']
For both embbedings your are adding this columns: 
--> ['Tempo', 'Popularity', 'Energy', 'Danceability', 'Positiveness', 'Speechiness', 'Liveness', 'Acousticness', 'Instrumentalness', 'Good for Party', 'Good for Work/Study', 'Good for Relaxation/Meditation', 'Good for Exercise', 'Good for Running', 'Good for Yoga/Stretching', 'Good for Driving', 'Good for Social Gatherings', 'Good for Morning Routine']
You are executing with [ALL] dataset
--> PaTH:  ../../data/embbedings_khipu/LB_fuss/lb_khipu_B.npy

##################################################
Running experiment with TFIDF embeddings
Preprocessing text...
Label distribution: {0: 82336, 1: 25802}
X shape: (108138, 5000)
y shape: (108138,)

Splitting data...

Data con el spliting...
Label distribution en TRAIN: {0: 65868, 1: 20642}
Label distribution en TEST: {0: 16468, 1: 5160}
==================================================
Data antes del undersampling ...
X: (86510, 5018)
y: (86510,)
Apliying UNDERSAMPLE
20642
Label distribution: {0: 20642, 1: 20642}
X shape: (41284, 5018)
y shape: (41284,)

==============================
Model: Logistic Regression
Accuracy:  0.9351
Precision: 0.8261
Recall:    0.9223
F1-score:  0.8715
              precision    recall  f1-score   support

           0       0.97      0.94      0.96     16468
           1       0.83      0.92      0.87      5160

    accuracy                           0.94     21628
   macro avg       0.90      0.93      0.91     21628
weighted avg       0.94      0.94      0.94     21628

[[15466  1002]
 [  401  4759]]
Hiperparámetros: {'C': 1, 'class_weight': None, 'dual': False, 'fit_intercept': True, 'intercept_scaling': 1, 'l1_ratio': None, 'max_iter': 1000, 'multi_class': 'deprecated', 'n_jobs': None, 'penalty': 'l2', 'random_state': 42, 'solver': 'lbfgs', 'tol': 0.0001, 'verbose': 0, 'warm_start': False}
Confusion matrix saved as: outputs/undersample_True_scaled_True_steaming_True_removestw_True_numeric_True_5000_tfidf_B/tfidf/conf_matrix_logistic_regression.png
Modelo guardado como: outputs/undersample_True_scaled_True_steaming_True_removestw_True_numeric_True_5000_tfidf_B/tfidf/logistic_regression_model.pkl

==============================
Model: SVM
Accuracy:  0.8088
Precision: 0.5610
Recall:    0.9124
F1-score:  0.6948
              precision    recall  f1-score   support

           0       0.97      0.78      0.86     16468
           1       0.56      0.91      0.69      5160

    accuracy                           0.81     21628
   macro avg       0.76      0.84      0.78     21628
weighted avg       0.87      0.81      0.82     21628

[[12784  3684]
 [  452  4708]]
Hiperparámetros: {'C': 1.0, 'break_ties': False, 'cache_size': 200, 'class_weight': None, 'coef0': 0.0, 'decision_function_shape': 'ovr', 'degree': 3, 'gamma': 'scale', 'kernel': 'rbf', 'max_iter': 1000, 'probability': False, 'random_state': 42, 'shrinking': True, 'tol': 0.001, 'verbose': False}
Confusion matrix saved as: outputs/undersample_True_scaled_True_steaming_True_removestw_True_numeric_True_5000_tfidf_B/tfidf/conf_matrix_svm.png
Modelo guardado como: outputs/undersample_True_scaled_True_steaming_True_removestw_True_numeric_True_5000_tfidf_B/tfidf/svm_model.pkl

==============================
Model: Decision Tree
Accuracy:  0.8749
Precision: 0.7247
Recall:    0.7669
F1-score:  0.7452
              precision    recall  f1-score   support

           0       0.93      0.91      0.92     16468
           1       0.72      0.77      0.75      5160

    accuracy                           0.87     21628
   macro avg       0.83      0.84      0.83     21628
weighted avg       0.88      0.87      0.88     21628

[[14965  1503]
 [ 1203  3957]]
Hiperparámetros: {'ccp_alpha': 0.0, 'class_weight': None, 'criterion': 'entropy', 'max_depth': 10, 'max_features': None, 'max_leaf_nodes': None, 'min_impurity_decrease': 0.0, 'min_samples_leaf': 1, 'min_samples_split': 2, 'min_weight_fraction_leaf': 0.0, 'monotonic_cst': None, 'random_state': 42, 'splitter': 'best'}
Confusion matrix saved as: outputs/undersample_True_scaled_True_steaming_True_removestw_True_numeric_True_5000_tfidf_B/tfidf/conf_matrix_decision_tree.png
Modelo guardado como: outputs/undersample_True_scaled_True_steaming_True_removestw_True_numeric_True_5000_tfidf_B/tfidf/decision_tree_model.pkl

==============================
Model: Naive Bayes
Accuracy:  0.9190
Precision: 0.8035
Recall:    0.8746
F1-score:  0.8375
              precision    recall  f1-score   support

           0       0.96      0.93      0.95     16468
           1       0.80      0.87      0.84      5160

    accuracy                           0.92     21628
   macro avg       0.88      0.90      0.89     21628
weighted avg       0.92      0.92      0.92     21628

[[15364  1104]
 [  647  4513]]
Hiperparámetros: {'alpha': 1.0, 'class_prior': None, 'fit_prior': True, 'force_alpha': True}
Confusion matrix saved as: outputs/undersample_True_scaled_True_steaming_True_removestw_True_numeric_True_5000_tfidf_B/tfidf/conf_matrix_naive_bayes.png
Modelo guardado como: outputs/undersample_True_scaled_True_steaming_True_removestw_True_numeric_True_5000_tfidf_B/tfidf/naive_bayes_model.pkl


Resumen de métricas:
Logistic Regression: {'accuracy': 0.9351, 'precision': 0.8261, 'recall': 0.9223, 'f1_score': 0.8715}
Naive Bayes: {'accuracy': 0.919, 'precision': 0.8035, 'recall': 0.8746, 'f1_score': 0.8375}
Decision Tree: {'accuracy': 0.8749, 'precision': 0.7247, 'recall': 0.7669, 'f1_score': 0.7452}
SVM: {'accuracy': 0.8088, 'precision': 0.561, 'recall': 0.9124, 'f1_score': 0.6948}

##################################################
Running experiment with LYRICS_BERT embeddings
Loading Lb vectors from:  ../../data/spotify_dataset_sin_duplicados_4.csv
Label distribution: {0: 82336, 1: 25802}
X shape: (108138, 300)
y shape: (108138,)

Splitting data...

Data con el spliting...
Label distribution en TRAIN: {0: 65868, 1: 20642}
Label distribution en TEST: {0: 16468, 1: 5160}
==================================================
Data antes del undersampling ...
X: (86510, 318)
y: (86510,)
Apliying UNDERSAMPLE
20642
Label distribution: {0: 20642, 1: 20642}
X shape: (41284, 318)
y shape: (41284,)

==============================
Model: Logistic Regression
Accuracy:  0.8625
Precision: 0.6707
Recall:    0.8328
F1-score:  0.7430
              precision    recall  f1-score   support

           0       0.94      0.87      0.91     16468
           1       0.67      0.83      0.74      5160

    accuracy                           0.86     21628
   macro avg       0.81      0.85      0.82     21628
weighted avg       0.88      0.86      0.87     21628

[[14358  2110]
 [  863  4297]]
Hiperparámetros: {'C': 1, 'class_weight': None, 'dual': False, 'fit_intercept': True, 'intercept_scaling': 1, 'l1_ratio': None, 'max_iter': 1000, 'multi_class': 'deprecated', 'n_jobs': None, 'penalty': 'l2', 'random_state': 42, 'solver': 'lbfgs', 'tol': 0.0001, 'verbose': 0, 'warm_start': False}
Confusion matrix saved as: outputs/undersample_True_scaled_True_steaming_True_removestw_True_numeric_True_5000_tfidf_B/lyrics_bert/conf_matrix_logistic_regression.png
Modelo guardado como: outputs/undersample_True_scaled_True_steaming_True_removestw_True_numeric_True_5000_tfidf_B/lyrics_bert/logistic_regression_model.pkl

==============================
Model: SVM
Accuracy:  0.5805
Precision: 0.3322
Recall:    0.7506
F1-score:  0.4606
              precision    recall  f1-score   support

           0       0.87      0.53      0.66     16468
           1       0.33      0.75      0.46      5160

    accuracy                           0.58     21628
   macro avg       0.60      0.64      0.56     21628
weighted avg       0.74      0.58      0.61     21628

[[8682 7786]
 [1287 3873]]
Hiperparámetros: {'C': 1.0, 'break_ties': False, 'cache_size': 200, 'class_weight': None, 'coef0': 0.0, 'decision_function_shape': 'ovr', 'degree': 3, 'gamma': 'scale', 'kernel': 'rbf', 'max_iter': 1000, 'probability': False, 'random_state': 42, 'shrinking': True, 'tol': 0.001, 'verbose': False}
Confusion matrix saved as: outputs/undersample_True_scaled_True_steaming_True_removestw_True_numeric_True_5000_tfidf_B/lyrics_bert/conf_matrix_svm.png
Modelo guardado como: outputs/undersample_True_scaled_True_steaming_True_removestw_True_numeric_True_5000_tfidf_B/lyrics_bert/svm_model.pkl

==============================
Model: Decision Tree
Accuracy:  0.8298
Precision: 0.6211
Recall:    0.7351
F1-score:  0.6733
              precision    recall  f1-score   support

           0       0.91      0.86      0.88     16468
           1       0.62      0.74      0.67      5160

    accuracy                           0.83     21628
   macro avg       0.77      0.80      0.78     21628
weighted avg       0.84      0.83      0.83     21628

[[14154  2314]
 [ 1367  3793]]
Hiperparámetros: {'ccp_alpha': 0.0, 'class_weight': None, 'criterion': 'entropy', 'max_depth': 10, 'max_features': None, 'max_leaf_nodes': None, 'min_impurity_decrease': 0.0, 'min_samples_leaf': 1, 'min_samples_split': 2, 'min_weight_fraction_leaf': 0.0, 'monotonic_cst': None, 'random_state': 42, 'splitter': 'best'}
Confusion matrix saved as: outputs/undersample_True_scaled_True_steaming_True_removestw_True_numeric_True_5000_tfidf_B/lyrics_bert/conf_matrix_decision_tree.png
Modelo guardado como: outputs/undersample_True_scaled_True_steaming_True_removestw_True_numeric_True_5000_tfidf_B/lyrics_bert/decision_tree_model.pkl

==============================
Model: Naive Bayes
Accuracy:  0.7683
Precision: 0.5090
Recall:    0.8136
F1-score:  0.6262
              precision    recall  f1-score   support

           0       0.93      0.75      0.83     16468
           1       0.51      0.81      0.63      5160

    accuracy                           0.77     21628
   macro avg       0.72      0.78      0.73     21628
weighted avg       0.83      0.77      0.78     21628

[[12419  4049]
 [  962  4198]]
Hiperparámetros: {'priors': None, 'var_smoothing': 1e-09}
Confusion matrix saved as: outputs/undersample_True_scaled_True_steaming_True_removestw_True_numeric_True_5000_tfidf_B/lyrics_bert/conf_matrix_naive_bayes.png
Modelo guardado como: outputs/undersample_True_scaled_True_steaming_True_removestw_True_numeric_True_5000_tfidf_B/lyrics_bert/naive_bayes_model.pkl


Resumen de métricas:
Logistic Regression: {'accuracy': 0.8625, 'precision': 0.6707, 'recall': 0.8328, 'f1_score': 0.743}
Decision Tree: {'accuracy': 0.8298, 'precision': 0.6211, 'recall': 0.7351, 'f1_score': 0.6733}
Naive Bayes: {'accuracy': 0.7683, 'precision': 0.509, 'recall': 0.8136, 'f1_score': 0.6262}
SVM: {'accuracy': 0.5805, 'precision': 0.3322, 'recall': 0.7506, 'f1_score': 0.4606}
You are executing with this configuration: undersample_True_scaled_True_removestw_True_5000tfidf
