/home/marcelino.maita/musica_ia_workshop/models_comparison/baseline_clean/base_models/main.py:222: FutureWarning: DataFrameGroupBy.apply operated on the grouping columns. This behavior is deprecated, and in a future version of pandas the grouping columns will be excluded from the operation. Either pass `include_groups=False` to exclude the groupings or explicitly select the grouping columns after groupby to silence this warning.
  .apply(lambda grp: grp.sample(n=n_min, random_state=RANDOM_STATE))
/home/marcelino.maita/.venv/lib/python3.13/site-packages/sklearn/svm/_base.py:305: ConvergenceWarning: Solver terminated early (max_iter=1000).  Consider pre-processing your data with StandardScaler or MinMaxScaler.
  warnings.warn(
/home/marcelino.maita/musica_ia_workshop/models_comparison/baseline_clean/base_models/main.py:222: FutureWarning: DataFrameGroupBy.apply operated on the grouping columns. This behavior is deprecated, and in a future version of pandas the grouping columns will be excluded from the operation. Either pass `include_groups=False` to exclude the groupings or explicitly select the grouping columns after groupby to silence this warning.
  .apply(lambda grp: grp.sample(n=n_min, random_state=RANDOM_STATE))
/home/marcelino.maita/.venv/lib/python3.13/site-packages/sklearn/svm/_base.py:305: ConvergenceWarning: Solver terminated early (max_iter=1000).  Consider pre-processing your data with StandardScaler or MinMaxScaler.
  warnings.warn(
For TF-IDF embbedings you are selecteing this columns:
--> ['text']
For both embbedings your are adding this columns: 
--> ['Tempo', 'Popularity', 'Energy', 'Danceability', 'Positiveness', 'Speechiness', 'Liveness', 'Acousticness', 'Instrumentalness', 'Good for Party', 'Good for Work/Study', 'Good for Relaxation/Meditation', 'Good for Exercise', 'Good for Running', 'Good for Yoga/Stretching', 'Good for Driving', 'Good for Social Gatherings', 'Good for Morning Routine']
You are executing with [ALL] dataset
--> PaTH:  ../../data/lb_npy.npy

##################################################
Running experiment with TFIDF embeddings
Preprocessing text...
Label distribution: {0: 82336, 1: 25802}
X shape: (108138, 5000)
y shape: (108138,)

Splitting data...

Data con el spliting...
Label distribution en TRAIN: {0: 65868, 1: 20642}
Label distribution en TEST: {0: 16468, 1: 5160}
==================================================
Data antes del undersampling ...
X: (86510, 5000)
y: (86510,)
Apliying UNDERSAMPLE
20642
Label distribution: {0: 20642, 1: 20642}
X shape: (41284, 5000)
y shape: (41284,)

==============================
Model: Logistic Regression
Accuracy:  0.8270
Precision: 0.6102
Recall:    0.7614
F1-score:  0.6775
              precision    recall  f1-score   support

           0       0.92      0.85      0.88     16468
           1       0.61      0.76      0.68      5160

    accuracy                           0.83     21628
   macro avg       0.76      0.80      0.78     21628
weighted avg       0.85      0.83      0.83     21628

[[13958  2510]
 [ 1231  3929]]
Hiperparámetros: {'C': 1, 'class_weight': None, 'dual': False, 'fit_intercept': True, 'intercept_scaling': 1, 'l1_ratio': None, 'max_iter': 1000, 'multi_class': 'deprecated', 'n_jobs': None, 'penalty': 'l2', 'random_state': 42, 'solver': 'lbfgs', 'tol': 0.0001, 'verbose': 0, 'warm_start': False}
Confusion matrix saved as: outputs/undersample_True_scaled_True_steaming_True_removestw_True_numeric_False_5000_tfidf_T/tfidf/conf_matrix_logistic_regression.png
Modelo guardado como: outputs/undersample_True_scaled_True_steaming_True_removestw_True_numeric_False_5000_tfidf_T/tfidf/logistic_regression_model.pkl

==============================
Model: SVM
Accuracy:  0.6735
Precision: 0.3845
Recall:    0.6132
F1-score:  0.4726
              precision    recall  f1-score   support

           0       0.85      0.69      0.76     16468
           1       0.38      0.61      0.47      5160

    accuracy                           0.67     21628
   macro avg       0.62      0.65      0.62     21628
weighted avg       0.74      0.67      0.69     21628

[[11403  5065]
 [ 1996  3164]]
Hiperparámetros: {'C': 1.0, 'break_ties': False, 'cache_size': 200, 'class_weight': None, 'coef0': 0.0, 'decision_function_shape': 'ovr', 'degree': 3, 'gamma': 'scale', 'kernel': 'rbf', 'max_iter': 1000, 'probability': False, 'random_state': 42, 'shrinking': True, 'tol': 0.001, 'verbose': False}
Confusion matrix saved as: outputs/undersample_True_scaled_True_steaming_True_removestw_True_numeric_False_5000_tfidf_T/tfidf/conf_matrix_svm.png
Modelo guardado como: outputs/undersample_True_scaled_True_steaming_True_removestw_True_numeric_False_5000_tfidf_T/tfidf/svm_model.pkl

==============================
Model: Decision Tree
Accuracy:  0.8625
Precision: 0.6789
Recall:    0.8043
F1-score:  0.7363
              precision    recall  f1-score   support

           0       0.93      0.88      0.91     16468
           1       0.68      0.80      0.74      5160

    accuracy                           0.86     21628
   macro avg       0.81      0.84      0.82     21628
weighted avg       0.87      0.86      0.87     21628

[[14505  1963]
 [ 1010  4150]]
Hiperparámetros: {'ccp_alpha': 0.0, 'class_weight': None, 'criterion': 'entropy', 'max_depth': 10, 'max_features': None, 'max_leaf_nodes': None, 'min_impurity_decrease': 0.0, 'min_samples_leaf': 1, 'min_samples_split': 2, 'min_weight_fraction_leaf': 0.0, 'monotonic_cst': None, 'random_state': 42, 'splitter': 'best'}
Confusion matrix saved as: outputs/undersample_True_scaled_True_steaming_True_removestw_True_numeric_False_5000_tfidf_T/tfidf/conf_matrix_decision_tree.png
Modelo guardado como: outputs/undersample_True_scaled_True_steaming_True_removestw_True_numeric_False_5000_tfidf_T/tfidf/decision_tree_model.pkl

==============================
Model: Naive Bayes
Accuracy:  0.8213
Precision: 0.6072
Recall:    0.7101
F1-score:  0.6546
              precision    recall  f1-score   support

           0       0.90      0.86      0.88     16468
           1       0.61      0.71      0.65      5160

    accuracy                           0.82     21628
   macro avg       0.76      0.78      0.77     21628
weighted avg       0.83      0.82      0.83     21628

[[14098  2370]
 [ 1496  3664]]
Hiperparámetros: {'alpha': 1.0, 'class_prior': None, 'fit_prior': True, 'force_alpha': True}
Confusion matrix saved as: outputs/undersample_True_scaled_True_steaming_True_removestw_True_numeric_False_5000_tfidf_T/tfidf/conf_matrix_naive_bayes.png
Modelo guardado como: outputs/undersample_True_scaled_True_steaming_True_removestw_True_numeric_False_5000_tfidf_T/tfidf/naive_bayes_model.pkl


Resumen de métricas:
Decision Tree: {'accuracy': 0.8625, 'precision': 0.6789, 'recall': 0.8043, 'f1_score': 0.7363}
Logistic Regression: {'accuracy': 0.827, 'precision': 0.6102, 'recall': 0.7614, 'f1_score': 0.6775}
Naive Bayes: {'accuracy': 0.8213, 'precision': 0.6072, 'recall': 0.7101, 'f1_score': 0.6546}
SVM: {'accuracy': 0.6735, 'precision': 0.3845, 'recall': 0.6132, 'f1_score': 0.4726}

##################################################
Running experiment with LYRICS_BERT embeddings
Loading Lb vectors from:  ../../data/spotify_dataset_sin_duplicados_4.csv
Label distribution: {0: 82336, 1: 25802}
X shape: (108138, 300)
y shape: (108138,)

Splitting data...

Data con el spliting...
Label distribution en TRAIN: {0: 65868, 1: 20642}
Label distribution en TEST: {0: 16468, 1: 5160}
==================================================
Data antes del undersampling ...
X: (86510, 300)
y: (86510,)
Apliying UNDERSAMPLE
20642
Label distribution: {0: 20642, 1: 20642}
X shape: (41284, 300)
y shape: (41284,)

==============================
Model: Logistic Regression
Accuracy:  0.8010
Precision: 0.5610
Recall:    0.7632
F1-score:  0.6467
              precision    recall  f1-score   support

           0       0.92      0.81      0.86     16468
           1       0.56      0.76      0.65      5160

    accuracy                           0.80     21628
   macro avg       0.74      0.79      0.75     21628
weighted avg       0.83      0.80      0.81     21628

[[13387  3081]
 [ 1222  3938]]
Hiperparámetros: {'C': 1, 'class_weight': None, 'dual': False, 'fit_intercept': True, 'intercept_scaling': 1, 'l1_ratio': None, 'max_iter': 1000, 'multi_class': 'deprecated', 'n_jobs': None, 'penalty': 'l2', 'random_state': 42, 'solver': 'lbfgs', 'tol': 0.0001, 'verbose': 0, 'warm_start': False}
Confusion matrix saved as: outputs/undersample_True_scaled_True_steaming_True_removestw_True_numeric_False_5000_tfidf_T/lyrics_bert/conf_matrix_logistic_regression.png
Modelo guardado como: outputs/undersample_True_scaled_True_steaming_True_removestw_True_numeric_False_5000_tfidf_T/lyrics_bert/logistic_regression_model.pkl

==============================
Model: SVM
Accuracy:  0.3483
Precision: 0.2609
Recall:    0.9450
F1-score:  0.4089
              precision    recall  f1-score   support

           0       0.90      0.16      0.27     16468
           1       0.26      0.94      0.41      5160

    accuracy                           0.35     21628
   macro avg       0.58      0.55      0.34     21628
weighted avg       0.75      0.35      0.31     21628

[[ 2656 13812]
 [  284  4876]]
Hiperparámetros: {'C': 1.0, 'break_ties': False, 'cache_size': 200, 'class_weight': None, 'coef0': 0.0, 'decision_function_shape': 'ovr', 'degree': 3, 'gamma': 'scale', 'kernel': 'rbf', 'max_iter': 1000, 'probability': False, 'random_state': 42, 'shrinking': True, 'tol': 0.001, 'verbose': False}
Confusion matrix saved as: outputs/undersample_True_scaled_True_steaming_True_removestw_True_numeric_False_5000_tfidf_T/lyrics_bert/conf_matrix_svm.png
Modelo guardado como: outputs/undersample_True_scaled_True_steaming_True_removestw_True_numeric_False_5000_tfidf_T/lyrics_bert/svm_model.pkl

==============================
Model: Decision Tree
Accuracy:  0.6271
Precision: 0.3603
Recall:    0.7258
F1-score:  0.4815
              precision    recall  f1-score   support

           0       0.87      0.60      0.71     16468
           1       0.36      0.73      0.48      5160

    accuracy                           0.63     21628
   macro avg       0.62      0.66      0.60     21628
weighted avg       0.75      0.63      0.65     21628

[[9818 6650]
 [1415 3745]]
Hiperparámetros: {'ccp_alpha': 0.0, 'class_weight': None, 'criterion': 'entropy', 'max_depth': 10, 'max_features': None, 'max_leaf_nodes': None, 'min_impurity_decrease': 0.0, 'min_samples_leaf': 1, 'min_samples_split': 2, 'min_weight_fraction_leaf': 0.0, 'monotonic_cst': None, 'random_state': 42, 'splitter': 'best'}
Confusion matrix saved as: outputs/undersample_True_scaled_True_steaming_True_removestw_True_numeric_False_5000_tfidf_T/lyrics_bert/conf_matrix_decision_tree.png
Modelo guardado como: outputs/undersample_True_scaled_True_steaming_True_removestw_True_numeric_False_5000_tfidf_T/lyrics_bert/decision_tree_model.pkl

==============================
Model: Naive Bayes
Accuracy:  0.6431
Precision: 0.3779
Recall:    0.7678
F1-score:  0.5065
              precision    recall  f1-score   support

           0       0.89      0.60      0.72     16468
           1       0.38      0.77      0.51      5160

    accuracy                           0.64     21628
   macro avg       0.64      0.69      0.61     21628
weighted avg       0.77      0.64      0.67     21628

[[9946 6522]
 [1198 3962]]
Hiperparámetros: {'priors': None, 'var_smoothing': 1e-09}
Confusion matrix saved as: outputs/undersample_True_scaled_True_steaming_True_removestw_True_numeric_False_5000_tfidf_T/lyrics_bert/conf_matrix_naive_bayes.png
Modelo guardado como: outputs/undersample_True_scaled_True_steaming_True_removestw_True_numeric_False_5000_tfidf_T/lyrics_bert/naive_bayes_model.pkl


Resumen de métricas:
Logistic Regression: {'accuracy': 0.801, 'precision': 0.561, 'recall': 0.7632, 'f1_score': 0.6467}
Naive Bayes: {'accuracy': 0.6431, 'precision': 0.3779, 'recall': 0.7678, 'f1_score': 0.5065}
Decision Tree: {'accuracy': 0.6271, 'precision': 0.3603, 'recall': 0.7258, 'f1_score': 0.4815}
SVM: {'accuracy': 0.3483, 'precision': 0.2609, 'recall': 0.945, 'f1_score': 0.4089}
You are executing with this configuration: undersample_True_scaled_True_removestw_True_5000tfidf
