/home/marcelino.maita/musica_ia_workshop/models_comparison/baseline_clean/main_grid.py:220: FutureWarning: DataFrameGroupBy.apply operated on the grouping columns. This behavior is deprecated, and in a future version of pandas the grouping columns will be excluded from the operation. Either pass `include_groups=False` to exclude the groupings or explicitly select the grouping columns after groupby to silence this warning.
  .apply(lambda grp: grp.sample(n=n_min, random_state=RANDOM_STATE))
/home/marcelino.maita/.venv/lib/python3.13/site-packages/sklearn/svm/_base.py:305: ConvergenceWarning: Solver terminated early (max_iter=1000).  Consider pre-processing your data with StandardScaler or MinMaxScaler.
  warnings.warn(
/home/marcelino.maita/.venv/lib/python3.13/site-packages/sklearn/svm/_base.py:305: ConvergenceWarning: Solver terminated early (max_iter=1000).  Consider pre-processing your data with StandardScaler or MinMaxScaler.
  warnings.warn(
/home/marcelino.maita/.venv/lib/python3.13/site-packages/sklearn/svm/_base.py:305: ConvergenceWarning: Solver terminated early (max_iter=1000).  Consider pre-processing your data with StandardScaler or MinMaxScaler.
  warnings.warn(
/home/marcelino.maita/.venv/lib/python3.13/site-packages/sklearn/svm/_base.py:305: ConvergenceWarning: Solver terminated early (max_iter=1000).  Consider pre-processing your data with StandardScaler or MinMaxScaler.
  warnings.warn(
/home/marcelino.maita/.venv/lib/python3.13/site-packages/sklearn/svm/_base.py:305: ConvergenceWarning: Solver terminated early (max_iter=1000).  Consider pre-processing your data with StandardScaler or MinMaxScaler.
  warnings.warn(
/home/marcelino.maita/.venv/lib/python3.13/site-packages/sklearn/svm/_base.py:305: ConvergenceWarning: Solver terminated early (max_iter=1000).  Consider pre-processing your data with StandardScaler or MinMaxScaler.
  warnings.warn(
/home/marcelino.maita/.venv/lib/python3.13/site-packages/sklearn/svm/_base.py:305: ConvergenceWarning: Solver terminated early (max_iter=1000).  Consider pre-processing your data with StandardScaler or MinMaxScaler.
  warnings.warn(
/home/marcelino.maita/.venv/lib/python3.13/site-packages/sklearn/svm/_base.py:305: ConvergenceWarning: Solver terminated early (max_iter=1000).  Consider pre-processing your data with StandardScaler or MinMaxScaler.
  warnings.warn(
/home/marcelino.maita/.venv/lib/python3.13/site-packages/sklearn/svm/_base.py:305: ConvergenceWarning: Solver terminated early (max_iter=1000).  Consider pre-processing your data with StandardScaler or MinMaxScaler.
  warnings.warn(
/home/marcelino.maita/.venv/lib/python3.13/site-packages/sklearn/svm/_base.py:305: ConvergenceWarning: Solver terminated early (max_iter=1000).  Consider pre-processing your data with StandardScaler or MinMaxScaler.
  warnings.warn(
/home/marcelino.maita/.venv/lib/python3.13/site-packages/sklearn/svm/_base.py:305: ConvergenceWarning: Solver terminated early (max_iter=1000).  Consider pre-processing your data with StandardScaler or MinMaxScaler.
  warnings.warn(
/home/marcelino.maita/.venv/lib/python3.13/site-packages/sklearn/svm/_base.py:305: ConvergenceWarning: Solver terminated early (max_iter=1000).  Consider pre-processing your data with StandardScaler or MinMaxScaler.
  warnings.warn(
/home/marcelino.maita/.venv/lib/python3.13/site-packages/sklearn/svm/_base.py:305: ConvergenceWarning: Solver terminated early (max_iter=1000).  Consider pre-processing your data with StandardScaler or MinMaxScaler.
  warnings.warn(
/home/marcelino.maita/.venv/lib/python3.13/site-packages/sklearn/svm/_base.py:305: ConvergenceWarning: Solver terminated early (max_iter=1000).  Consider pre-processing your data with StandardScaler or MinMaxScaler.
  warnings.warn(
/home/marcelino.maita/.venv/lib/python3.13/site-packages/sklearn/svm/_base.py:305: ConvergenceWarning: Solver terminated early (max_iter=1000).  Consider pre-processing your data with StandardScaler or MinMaxScaler.
  warnings.warn(
/home/marcelino.maita/.venv/lib/python3.13/site-packages/sklearn/svm/_base.py:305: ConvergenceWarning: Solver terminated early (max_iter=1000).  Consider pre-processing your data with StandardScaler or MinMaxScaler.
  warnings.warn(
/home/marcelino.maita/.venv/lib/python3.13/site-packages/sklearn/svm/_base.py:305: ConvergenceWarning: Solver terminated early (max_iter=1000).  Consider pre-processing your data with StandardScaler or MinMaxScaler.
  warnings.warn(
/home/marcelino.maita/.venv/lib/python3.13/site-packages/sklearn/svm/_base.py:305: ConvergenceWarning: Solver terminated early (max_iter=1000).  Consider pre-processing your data with StandardScaler or MinMaxScaler.
  warnings.warn(
/home/marcelino.maita/.venv/lib/python3.13/site-packages/sklearn/svm/_base.py:305: ConvergenceWarning: Solver terminated early (max_iter=1000).  Consider pre-processing your data with StandardScaler or MinMaxScaler.
  warnings.warn(
/home/marcelino.maita/.venv/lib/python3.13/site-packages/sklearn/svm/_base.py:305: ConvergenceWarning: Solver terminated early (max_iter=1000).  Consider pre-processing your data with StandardScaler or MinMaxScaler.
  warnings.warn(
/home/marcelino.maita/.venv/lib/python3.13/site-packages/sklearn/svm/_base.py:305: ConvergenceWarning: Solver terminated early (max_iter=1000).  Consider pre-processing your data with StandardScaler or MinMaxScaler.
  warnings.warn(
/home/marcelino.maita/.venv/lib/python3.13/site-packages/sklearn/svm/_base.py:305: ConvergenceWarning: Solver terminated early (max_iter=1000).  Consider pre-processing your data with StandardScaler or MinMaxScaler.
  warnings.warn(
/home/marcelino.maita/.venv/lib/python3.13/site-packages/sklearn/svm/_base.py:305: ConvergenceWarning: Solver terminated early (max_iter=1000).  Consider pre-processing your data with StandardScaler or MinMaxScaler.
  warnings.warn(
/home/marcelino.maita/.venv/lib/python3.13/site-packages/sklearn/svm/_base.py:305: ConvergenceWarning: Solver terminated early (max_iter=1000).  Consider pre-processing your data with StandardScaler or MinMaxScaler.
  warnings.warn(
/home/marcelino.maita/.venv/lib/python3.13/site-packages/sklearn/svm/_base.py:305: ConvergenceWarning: Solver terminated early (max_iter=1000).  Consider pre-processing your data with StandardScaler or MinMaxScaler.
  warnings.warn(
/home/marcelino.maita/.venv/lib/python3.13/site-packages/sklearn/svm/_base.py:305: ConvergenceWarning: Solver terminated early (max_iter=1000).  Consider pre-processing your data with StandardScaler or MinMaxScaler.
  warnings.warn(
/home/marcelino.maita/.venv/lib/python3.13/site-packages/sklearn/svm/_base.py:305: ConvergenceWarning: Solver terminated early (max_iter=1000).  Consider pre-processing your data with StandardScaler or MinMaxScaler.
  warnings.warn(
/home/marcelino.maita/.venv/lib/python3.13/site-packages/sklearn/svm/_base.py:305: ConvergenceWarning: Solver terminated early (max_iter=1000).  Consider pre-processing your data with StandardScaler or MinMaxScaler.
  warnings.warn(
/home/marcelino.maita/.venv/lib/python3.13/site-packages/sklearn/svm/_base.py:305: ConvergenceWarning: Solver terminated early (max_iter=1000).  Consider pre-processing your data with StandardScaler or MinMaxScaler.
  warnings.warn(
/home/marcelino.maita/.venv/lib/python3.13/site-packages/sklearn/svm/_base.py:305: ConvergenceWarning: Solver terminated early (max_iter=1000).  Consider pre-processing your data with StandardScaler or MinMaxScaler.
  warnings.warn(
/home/marcelino.maita/.venv/lib/python3.13/site-packages/sklearn/svm/_base.py:305: ConvergenceWarning: Solver terminated early (max_iter=1000).  Consider pre-processing your data with StandardScaler or MinMaxScaler.
  warnings.warn(
/home/marcelino.maita/musica_ia_workshop/models_comparison/baseline_clean/main_grid.py:220: FutureWarning: DataFrameGroupBy.apply operated on the grouping columns. This behavior is deprecated, and in a future version of pandas the grouping columns will be excluded from the operation. Either pass `include_groups=False` to exclude the groupings or explicitly select the grouping columns after groupby to silence this warning.
  .apply(lambda grp: grp.sample(n=n_min, random_state=RANDOM_STATE))
/home/marcelino.maita/.venv/lib/python3.13/site-packages/sklearn/svm/_base.py:305: ConvergenceWarning: Solver terminated early (max_iter=1000).  Consider pre-processing your data with StandardScaler or MinMaxScaler.
  warnings.warn(
/home/marcelino.maita/.venv/lib/python3.13/site-packages/sklearn/svm/_base.py:305: ConvergenceWarning: Solver terminated early (max_iter=1000).  Consider pre-processing your data with StandardScaler or MinMaxScaler.
  warnings.warn(
/home/marcelino.maita/.venv/lib/python3.13/site-packages/sklearn/svm/_base.py:305: ConvergenceWarning: Solver terminated early (max_iter=1000).  Consider pre-processing your data with StandardScaler or MinMaxScaler.
  warnings.warn(
/home/marcelino.maita/.venv/lib/python3.13/site-packages/sklearn/svm/_base.py:305: ConvergenceWarning: Solver terminated early (max_iter=1000).  Consider pre-processing your data with StandardScaler or MinMaxScaler.
  warnings.warn(
/home/marcelino.maita/.venv/lib/python3.13/site-packages/sklearn/svm/_base.py:305: ConvergenceWarning: Solver terminated early (max_iter=1000).  Consider pre-processing your data with StandardScaler or MinMaxScaler.
  warnings.warn(
/home/marcelino.maita/.venv/lib/python3.13/site-packages/sklearn/svm/_base.py:305: ConvergenceWarning: Solver terminated early (max_iter=1000).  Consider pre-processing your data with StandardScaler or MinMaxScaler.
  warnings.warn(
/home/marcelino.maita/.venv/lib/python3.13/site-packages/sklearn/svm/_base.py:305: ConvergenceWarning: Solver terminated early (max_iter=1000).  Consider pre-processing your data with StandardScaler or MinMaxScaler.
  warnings.warn(
/home/marcelino.maita/.venv/lib/python3.13/site-packages/sklearn/svm/_base.py:305: ConvergenceWarning: Solver terminated early (max_iter=1000).  Consider pre-processing your data with StandardScaler or MinMaxScaler.
  warnings.warn(
/home/marcelino.maita/.venv/lib/python3.13/site-packages/sklearn/svm/_base.py:305: ConvergenceWarning: Solver terminated early (max_iter=1000).  Consider pre-processing your data with StandardScaler or MinMaxScaler.
  warnings.warn(
/home/marcelino.maita/.venv/lib/python3.13/site-packages/sklearn/svm/_base.py:305: ConvergenceWarning: Solver terminated early (max_iter=1000).  Consider pre-processing your data with StandardScaler or MinMaxScaler.
  warnings.warn(
/home/marcelino.maita/.venv/lib/python3.13/site-packages/sklearn/svm/_base.py:305: ConvergenceWarning: Solver terminated early (max_iter=1000).  Consider pre-processing your data with StandardScaler or MinMaxScaler.
  warnings.warn(
/home/marcelino.maita/.venv/lib/python3.13/site-packages/sklearn/svm/_base.py:305: ConvergenceWarning: Solver terminated early (max_iter=1000).  Consider pre-processing your data with StandardScaler or MinMaxScaler.
  warnings.warn(
/home/marcelino.maita/.venv/lib/python3.13/site-packages/sklearn/svm/_base.py:305: ConvergenceWarning: Solver terminated early (max_iter=1000).  Consider pre-processing your data with StandardScaler or MinMaxScaler.
  warnings.warn(
/home/marcelino.maita/.venv/lib/python3.13/site-packages/sklearn/svm/_base.py:305: ConvergenceWarning: Solver terminated early (max_iter=1000).  Consider pre-processing your data with StandardScaler or MinMaxScaler.
  warnings.warn(
/home/marcelino.maita/.venv/lib/python3.13/site-packages/sklearn/svm/_base.py:305: ConvergenceWarning: Solver terminated early (max_iter=1000).  Consider pre-processing your data with StandardScaler or MinMaxScaler.
  warnings.warn(
/home/marcelino.maita/.venv/lib/python3.13/site-packages/sklearn/svm/_base.py:305: ConvergenceWarning: Solver terminated early (max_iter=1000).  Consider pre-processing your data with StandardScaler or MinMaxScaler.
  warnings.warn(
/home/marcelino.maita/.venv/lib/python3.13/site-packages/sklearn/svm/_base.py:305: ConvergenceWarning: Solver terminated early (max_iter=1000).  Consider pre-processing your data with StandardScaler or MinMaxScaler.
  warnings.warn(
/home/marcelino.maita/.venv/lib/python3.13/site-packages/sklearn/svm/_base.py:305: ConvergenceWarning: Solver terminated early (max_iter=1000).  Consider pre-processing your data with StandardScaler or MinMaxScaler.
  warnings.warn(
/home/marcelino.maita/.venv/lib/python3.13/site-packages/sklearn/svm/_base.py:305: ConvergenceWarning: Solver terminated early (max_iter=1000).  Consider pre-processing your data with StandardScaler or MinMaxScaler.
  warnings.warn(
/home/marcelino.maita/.venv/lib/python3.13/site-packages/sklearn/svm/_base.py:305: ConvergenceWarning: Solver terminated early (max_iter=1000).  Consider pre-processing your data with StandardScaler or MinMaxScaler.
  warnings.warn(
/home/marcelino.maita/.venv/lib/python3.13/site-packages/sklearn/svm/_base.py:305: ConvergenceWarning: Solver terminated early (max_iter=1000).  Consider pre-processing your data with StandardScaler or MinMaxScaler.
  warnings.warn(
/home/marcelino.maita/.venv/lib/python3.13/site-packages/sklearn/svm/_base.py:305: ConvergenceWarning: Solver terminated early (max_iter=1000).  Consider pre-processing your data with StandardScaler or MinMaxScaler.
  warnings.warn(
/home/marcelino.maita/.venv/lib/python3.13/site-packages/sklearn/svm/_base.py:305: ConvergenceWarning: Solver terminated early (max_iter=1000).  Consider pre-processing your data with StandardScaler or MinMaxScaler.
  warnings.warn(
/home/marcelino.maita/.venv/lib/python3.13/site-packages/sklearn/svm/_base.py:305: ConvergenceWarning: Solver terminated early (max_iter=1000).  Consider pre-processing your data with StandardScaler or MinMaxScaler.
  warnings.warn(
/home/marcelino.maita/.venv/lib/python3.13/site-packages/sklearn/svm/_base.py:305: ConvergenceWarning: Solver terminated early (max_iter=1000).  Consider pre-processing your data with StandardScaler or MinMaxScaler.
  warnings.warn(
/home/marcelino.maita/.venv/lib/python3.13/site-packages/sklearn/svm/_base.py:305: ConvergenceWarning: Solver terminated early (max_iter=1000).  Consider pre-processing your data with StandardScaler or MinMaxScaler.
  warnings.warn(
/home/marcelino.maita/.venv/lib/python3.13/site-packages/sklearn/svm/_base.py:305: ConvergenceWarning: Solver terminated early (max_iter=1000).  Consider pre-processing your data with StandardScaler or MinMaxScaler.
  warnings.warn(
/home/marcelino.maita/.venv/lib/python3.13/site-packages/sklearn/svm/_base.py:305: ConvergenceWarning: Solver terminated early (max_iter=1000).  Consider pre-processing your data with StandardScaler or MinMaxScaler.
  warnings.warn(
/home/marcelino.maita/.venv/lib/python3.13/site-packages/sklearn/svm/_base.py:305: ConvergenceWarning: Solver terminated early (max_iter=1000).  Consider pre-processing your data with StandardScaler or MinMaxScaler.
  warnings.warn(
/home/marcelino.maita/.venv/lib/python3.13/site-packages/sklearn/svm/_base.py:305: ConvergenceWarning: Solver terminated early (max_iter=1000).  Consider pre-processing your data with StandardScaler or MinMaxScaler.
  warnings.warn(
/home/marcelino.maita/.venv/lib/python3.13/site-packages/sklearn/svm/_base.py:305: ConvergenceWarning: Solver terminated early (max_iter=1000).  Consider pre-processing your data with StandardScaler or MinMaxScaler.
  warnings.warn(
You are executing with [ALL] dataset

##################################################
Running experiment with TFIDF embeddings
Preprocessing text...
Label distribution: {0: 82336, 1: 25802}
X shape: (108138, 5000)
y shape: (108138,)

Splitting data...

Data con el spliting...
Label distribution en TRAIN: {0: 65868, 1: 20642}
Label distribution en TEST: {0: 16468, 1: 5160}
==================================================
Data antes del undersampling ...
X: (86510, 5000)
y: (86510,)
Apliying UNDERSAMPLE
20642
Label distribution: {0: 20642, 1: 20642}
X shape: (41284, 5000)
y shape: (41284,)

==============================
Optimizando Naive Bayes...
Mejores parámetros: {'alpha': 0.5}
Accuracy:  0.8211
Precision: 0.6066
Recall:    0.7110
F1-score:  0.6547
              precision    recall  f1-score   support

           0       0.90      0.86      0.88     16468
           1       0.61      0.71      0.65      5160

    accuracy                           0.82     21628
   macro avg       0.76      0.78      0.77     21628
weighted avg       0.83      0.82      0.83     21628


==============================
Optimizando Logistic Regression...
Mejores parámetros: {'C': 0.1, 'max_iter': 1000, 'penalty': 'l2', 'solver': 'lbfgs'}
Accuracy:  0.8481
Precision: 0.6635
Recall:    0.7370
F1-score:  0.6983
              precision    recall  f1-score   support

           0       0.91      0.88      0.90     16468
           1       0.66      0.74      0.70      5160

    accuracy                           0.85     21628
   macro avg       0.79      0.81      0.80     21628
weighted avg       0.85      0.85      0.85     21628


==============================
Optimizando SVM...
Mejores parámetros: {'C': 0.1, 'kernel': 'rbf', 'max_iter': 1000}
Accuracy:  0.5781
Precision: 0.3347
Recall:    0.7779
F1-score:  0.4680
              precision    recall  f1-score   support

           0       0.88      0.52      0.65     16468
           1       0.33      0.78      0.47      5160

    accuracy                           0.58     21628
   macro avg       0.61      0.65      0.56     21628
weighted avg       0.75      0.58      0.61     21628


==============================
Optimizando Decision Tree...
Mejores parámetros: {'criterion': 'entropy', 'max_depth': 5, 'min_samples_leaf': 1, 'min_samples_split': 2}
Accuracy:  0.8654
Precision: 0.6824
Recall:    0.8153
F1-score:  0.7430
              precision    recall  f1-score   support

           0       0.94      0.88      0.91     16468
           1       0.68      0.82      0.74      5160

    accuracy                           0.87     21628
   macro avg       0.81      0.85      0.83     21628
weighted avg       0.88      0.87      0.87     21628



Resumen final de métricas:
Decision Tree: {'accuracy': 0.8654, 'precision': 0.6824, 'recall': 0.8153, 'f1_score': 0.743, 'best_params': {'ccp_alpha': 0.0, 'class_weight': None, 'criterion': 'entropy', 'max_depth': 5, 'max_features': None, 'max_leaf_nodes': None, 'min_impurity_decrease': 0.0, 'min_samples_leaf': 1, 'min_samples_split': 2, 'min_weight_fraction_leaf': 0.0, 'monotonic_cst': None, 'random_state': 42, 'splitter': 'best'}}
Logistic Regression: {'accuracy': 0.8481, 'precision': 0.6635, 'recall': 0.737, 'f1_score': 0.6983, 'best_params': {'C': 0.1, 'class_weight': None, 'dual': False, 'fit_intercept': True, 'intercept_scaling': 1, 'l1_ratio': None, 'max_iter': 1000, 'multi_class': 'deprecated', 'n_jobs': None, 'penalty': 'l2', 'random_state': 42, 'solver': 'lbfgs', 'tol': 0.0001, 'verbose': 0, 'warm_start': False}}
Naive Bayes: {'accuracy': 0.8211, 'precision': 0.6066, 'recall': 0.711, 'f1_score': 0.6547, 'best_params': {'alpha': 0.5, 'class_prior': None, 'fit_prior': True, 'force_alpha': True}}
SVM: {'accuracy': 0.5781, 'precision': 0.3347, 'recall': 0.7779, 'f1_score': 0.468, 'best_params': {'C': 0.1, 'break_ties': False, 'cache_size': 200, 'class_weight': None, 'coef0': 0.0, 'decision_function_shape': 'ovr', 'degree': 3, 'gamma': 'scale', 'kernel': 'rbf', 'max_iter': 1000, 'probability': False, 'random_state': 42, 'shrinking': True, 'tol': 0.001, 'verbose': False}}

##################################################
Running experiment with LYRICS_BERT embeddings
Loading Lb vectors from:  ../data/spotify_dataset_sin_duplicados_4.csv
Label distribution: {0: 82336, 1: 25802}
X shape: (108138, 300)
y shape: (108138,)

Splitting data...

Data con el spliting...
Label distribution en TRAIN: {0: 65868, 1: 20642}
Label distribution en TEST: {0: 16468, 1: 5160}
==================================================
Data antes del undersampling ...
X: (86510, 300)
y: (86510,)
Apliying UNDERSAMPLE
20642
Label distribution: {0: 20642, 1: 20642}
X shape: (41284, 300)
y shape: (41284,)

==============================
Optimizando Naive Bayes...
Sin parámetros a optimizar para este modelo.
Accuracy:  0.6431
Precision: 0.3779
Recall:    0.7678
F1-score:  0.5065
              precision    recall  f1-score   support

           0       0.89      0.60      0.72     16468
           1       0.38      0.77      0.51      5160

    accuracy                           0.64     21628
   macro avg       0.64      0.69      0.61     21628
weighted avg       0.77      0.64      0.67     21628


==============================
Optimizando Logistic Regression...
Mejores parámetros: {'C': 10, 'max_iter': 1000, 'penalty': 'l2', 'solver': 'lbfgs'}
Accuracy:  0.8014
Precision: 0.5614
Recall:    0.7655
F1-score:  0.6478
              precision    recall  f1-score   support

           0       0.92      0.81      0.86     16468
           1       0.56      0.77      0.65      5160

    accuracy                           0.80     21628
   macro avg       0.74      0.79      0.75     21628
weighted avg       0.83      0.80      0.81     21628


==============================
Optimizando SVM...
Mejores parámetros: {'C': 1, 'kernel': 'rbf', 'max_iter': 1000}
Accuracy:  0.3483
Precision: 0.2609
Recall:    0.9450
F1-score:  0.4089
              precision    recall  f1-score   support

           0       0.90      0.16      0.27     16468
           1       0.26      0.94      0.41      5160

    accuracy                           0.35     21628
   macro avg       0.58      0.55      0.34     21628
weighted avg       0.75      0.35      0.31     21628


==============================
Optimizando Decision Tree...
Mejores parámetros: {'criterion': 'entropy', 'max_depth': 10, 'min_samples_leaf': 2, 'min_samples_split': 2}
Accuracy:  0.6280
Precision: 0.3608
Recall:    0.7252
F1-score:  0.4819
              precision    recall  f1-score   support

           0       0.87      0.60      0.71     16468
           1       0.36      0.73      0.48      5160

    accuracy                           0.63     21628
   macro avg       0.62      0.66      0.60     21628
weighted avg       0.75      0.63      0.66     21628



Resumen final de métricas:
Logistic Regression: {'accuracy': 0.8014, 'precision': 0.5614, 'recall': 0.7655, 'f1_score': 0.6478, 'best_params': {'C': 10, 'class_weight': None, 'dual': False, 'fit_intercept': True, 'intercept_scaling': 1, 'l1_ratio': None, 'max_iter': 1000, 'multi_class': 'deprecated', 'n_jobs': None, 'penalty': 'l2', 'random_state': 42, 'solver': 'lbfgs', 'tol': 0.0001, 'verbose': 0, 'warm_start': False}}
Naive Bayes: {'accuracy': 0.6431, 'precision': 0.3779, 'recall': 0.7678, 'f1_score': 0.5065, 'best_params': {'priors': None, 'var_smoothing': 1e-09}}
Decision Tree: {'accuracy': 0.628, 'precision': 0.3608, 'recall': 0.7252, 'f1_score': 0.4819, 'best_params': {'ccp_alpha': 0.0, 'class_weight': None, 'criterion': 'entropy', 'max_depth': 10, 'max_features': None, 'max_leaf_nodes': None, 'min_impurity_decrease': 0.0, 'min_samples_leaf': 2, 'min_samples_split': 2, 'min_weight_fraction_leaf': 0.0, 'monotonic_cst': None, 'random_state': 42, 'splitter': 'best'}}
SVM: {'accuracy': 0.3483, 'precision': 0.2609, 'recall': 0.945, 'f1_score': 0.4089, 'best_params': {'C': 1, 'break_ties': False, 'cache_size': 200, 'class_weight': None, 'coef0': 0.0, 'decision_function_shape': 'ovr', 'degree': 3, 'gamma': 'scale', 'kernel': 'rbf', 'max_iter': 1000, 'probability': False, 'random_state': 42, 'shrinking': True, 'tol': 0.001, 'verbose': False}}
You are executing with this configuration: undersample_True_scaled_True_removestw_False_5000tfidf
